{"level":"info","message":"server is listening on port : 3000","serviceName":"auth-service"}
{"level":"info","message":"server is listening on port : 3000","serviceName":"auth-service"}
{"level":"info","message":"server is listening on port : 3000","serviceName":"auth-service"}
{"level":"info","message":"server is listening on port : 3000","serviceName":"auth-service"}
{"level":"info","message":"server is listening on port : 3000","serviceName":"auth-service"}
{"level":"info","message":"server is listening on port : 3000","serviceName":"auth-service"}
{"level":"info","message":"server is listening on port : 1337","serviceName":"auth-service"}
{"level":"info","message":"server is listening on port : 1337","serviceName":"auth-service"}
{"level":"info","message":"server is listening on port : 1337","serviceName":"auth-service"}
{"level":"info","message":"server is listening on port : 3000","serviceName":"auth-service"}
{"level":"error","message":"null value in column \"lastName\" of relation \"users\" violates not-null constraint","serviceName":"auth-service"}
{"level":"error","message":"null value in column \"lastName\" of relation \"users\" violates not-null constraint","serviceName":"auth-service"}
{"level":"error","message":"null value in column \"lastName\" of relation \"users\" violates not-null constraint","serviceName":"auth-service"}
{"level":"error","message":"null value in column \"lastName\" of relation \"users\" violates not-null constraint","serviceName":"auth-service"}
{"level":"error","message":"null value in column \"lastName\" of relation \"users\" violates not-null constraint","serviceName":"auth-service"}
{"level":"error","message":"null value in column \"lastName\" of relation \"users\" violates not-null constraint","serviceName":"auth-service"}
{"level":"error","message":"null value in column \"password\" of relation \"users\" violates not-null constraint","serviceName":"auth-service"}
{"level":"error","message":"null value in column \"password\" of relation \"users\" violates not-null constraint","serviceName":"auth-service"}
{"level":"error","message":"null value in column \"password\" of relation \"users\" violates not-null constraint","serviceName":"auth-service"}
{"level":"error","message":"null value in column \"password\" of relation \"users\" violates not-null constraint","serviceName":"auth-service"}
{"level":"error","message":"null value in column \"password\" of relation \"users\" violates not-null constraint","serviceName":"auth-service"}
{"level":"error","message":"null value in column \"password\" of relation \"users\" violates not-null constraint","serviceName":"auth-service"}
{"level":"error","message":"null value in column \"password\" of relation \"users\" violates not-null constraint","serviceName":"auth-service"}
{"level":"info","message":"server is listening on port : 3000","serviceName":"auth-service"}
{"level":"info","message":"server is listening on port : 3000","serviceName":"auth-service"}
{"level":"info","message":"server is listening on port : 3000","serviceName":"auth-service"}
{"level":"error","message":"Cannot read properties of undefined (reading 'create')","serviceName":"auth-service"}
{"level":"error","message":"Cannot read properties of undefined (reading 'create')","serviceName":"auth-service"}
{"level":"error","message":"Cannot read properties of undefined (reading 'create')","serviceName":"auth-service"}
{"level":"info","message":"user created succussfully","serviceName":"auth-service"}
{"level":"info","message":"user created succussfully","serviceName":"auth-service"}
{"level":"info","message":"user created succussfully","serviceName":"auth-service"}
{"level":"info","message":"user created succussfully","serviceName":"auth-service"}
{"level":"info","message":"user created succussfully","serviceName":"auth-service"}
{"level":"info","message":"user created succussfully","serviceName":"auth-service"}
{"level":"info","message":"user created succussfully","serviceName":"auth-service"}
{"level":"info","message":"user created succussfully","serviceName":"auth-service"}
{"level":"info","message":"user created succussfully","serviceName":"auth-service"}
{"level":"info","message":"user created succussfully","serviceName":"auth-service"}
{"level":"info","message":"user created succussfully","serviceName":"auth-service"}
{"level":"info","message":"user created succussfully","serviceName":"auth-service"}
{"level":"info","message":"user created succussfully","serviceName":"auth-service"}
{"level":"info","message":"user created succussfully","serviceName":"auth-service"}
{"level":"info","message":"user created succussfully","serviceName":"auth-service"}
{"level":"info","message":"user created succussfully","serviceName":"auth-service"}
{"level":"info","message":"user created succussfully","serviceName":"auth-service"}
{"level":"info","message":"user created succussfully","serviceName":"auth-service"}
{"level":"info","message":"user created succussfully","serviceName":"auth-service"}
{"level":"info","message":"user created succussfully","serviceName":"auth-service"}
{"level":"info","message":"user created succussfully","serviceName":"auth-service"}
{"level":"info","message":"user created succussfully","serviceName":"auth-service"}
{"level":"info","message":"user created succussfully","serviceName":"auth-service"}
{"level":"info","message":"user created succussfully","serviceName":"auth-service"}
{"level":"info","message":"user created succussfully","serviceName":"auth-service"}
{"level":"info","message":"user created succussfully","serviceName":"auth-service"}
{"level":"info","message":"user created succussfully","serviceName":"auth-service"}
{"level":"info","message":"user created succussfully","serviceName":"auth-service"}
{"level":"info","message":"user created succussfully","serviceName":"auth-service"}
{"level":"info","message":"user created succussfully","serviceName":"auth-service"}
{"level":"info","message":"user created succussfully","serviceName":"auth-service"}
{"level":"info","message":"user created succussfully","serviceName":"auth-service"}
{"level":"info","message":"user created succussfully","serviceName":"auth-service"}
{"level":"info","message":"user created succussfully","serviceName":"auth-service"}
{"level":"info","message":"user created succussfully","serviceName":"auth-service"}
{"level":"info","message":"user created succussfully","serviceName":"auth-service"}
{"level":"info","message":"user created succussfully","serviceName":"auth-service"}
{"level":"error","message":"failed to store data in the database","serviceName":"auth-service"}
{"level":"error","message":"failed to store data in the database","serviceName":"auth-service"}
{"level":"error","message":"failed to store data in the database","serviceName":"auth-service"}
{"level":"error","message":"failed to store data in the database","serviceName":"auth-service"}
{"level":"error","message":"failed to store data in the database","serviceName":"auth-service"}
{"level":"error","message":"failed to store data in the database","serviceName":"auth-service"}
{"level":"info","message":"user created succussfully","serviceName":"auth-service"}
{"level":"info","message":"user created succussfully","serviceName":"auth-service"}
{"level":"info","message":"user created succussfully","serviceName":"auth-service"}
{"level":"info","message":"user created succussfully","serviceName":"auth-service"}
{"level":"info","message":"user created succussfully","serviceName":"auth-service"}
{"level":"info","message":"user created succussfully","serviceName":"auth-service"}
{"level":"info","message":"user created succussfully","serviceName":"auth-service"}
{"level":"info","message":"user created succussfully","serviceName":"auth-service"}
{"level":"info","message":"user created succussfully","serviceName":"auth-service"}
{"level":"info","message":"user created succussfully","serviceName":"auth-service"}
{"level":"info","message":"user created succussfully","serviceName":"auth-service"}
{"level":"info","message":"user created succussfully","serviceName":"auth-service"}
{"level":"info","message":"user created succussfully","serviceName":"auth-service"}
{"level":"info","message":"user created succussfully","serviceName":"auth-service"}
{"level":"info","message":"user created succussfully","serviceName":"auth-service"}
{"level":"info","message":"user created succussfully","serviceName":"auth-service"}
{"level":"info","message":"user created succussfully","serviceName":"auth-service"}
{"level":"info","message":"user created succussfully","serviceName":"auth-service"}
{"level":"info","message":"user created succussfully","serviceName":"auth-service"}
{"level":"info","message":"user created succussfully","serviceName":"auth-service"}
{"level":"info","message":"user created succussfully","serviceName":"auth-service"}
{"level":"info","message":"user created succussfully","serviceName":"auth-service"}
{"level":"info","message":"user created succussfully","serviceName":"auth-service"}
{"level":"info","message":"user created succussfully","serviceName":"auth-service"}
{"level":"info","message":"user created succussfully","serviceName":"auth-service"}
{"level":"info","message":"user created succussfully","serviceName":"auth-service"}
{"level":"info","message":"user created succussfully","serviceName":"auth-service"}
{"level":"info","message":"user created succussfully","serviceName":"auth-service"}
{"level":"info","message":"user created succussfully","serviceName":"auth-service"}
{"level":"info","message":"user created succussfully","serviceName":"auth-service"}
{"level":"info","message":"user created succussfully","serviceName":"auth-service"}
{"level":"info","message":"user created succussfully","serviceName":"auth-service"}
{"level":"info","message":"user created succussfully","serviceName":"auth-service"}
{"level":"info","message":"user created succussfully","serviceName":"auth-service"}
{"level":"info","message":"user created succussfully","serviceName":"auth-service"}
{"level":"info","message":"user created succussfully","serviceName":"auth-service"}
{"level":"info","message":"user created succussfully","serviceName":"auth-service"}
{"level":"info","message":"user created succussfully","serviceName":"auth-service"}
{"level":"info","message":"user created succussfully","serviceName":"auth-service"}
{"level":"info","message":"user created succussfully","serviceName":"auth-service"}
{"level":"info","message":"user created succussfully","serviceName":"auth-service"}
{"level":"info","message":"user created succussfully","serviceName":"auth-service"}
{"level":"info","message":"user created succussfully","serviceName":"auth-service"}
{"level":"info","message":"user created succussfully","serviceName":"auth-service"}
{"level":"info","message":"user created succussfully","serviceName":"auth-service"}
{"level":"info","message":"user created succussfully","serviceName":"auth-service"}
{"level":"info","message":"user created succussfully","serviceName":"auth-service"}
{"level":"info","message":"user created succussfully","serviceName":"auth-service"}
{"level":"info","message":"user created succussfully","serviceName":"auth-service"}
{"level":"info","message":"user created succussfully","serviceName":"auth-service"}
{"level":"info","message":"user created succussfully","serviceName":"auth-service"}
{"level":"info","message":"user created succussfully","serviceName":"auth-service"}
{"level":"info","message":"user created succussfully","serviceName":"auth-service"}
{"level":"info","message":"user created succussfully","serviceName":"auth-service"}
{"level":"info","message":"user created succussfully","serviceName":"auth-service"}
{"level":"error","message":"Cannot read properties of undefined (reading 'id')","serviceName":"auth-service"}
{"level":"info","message":"user created succussfully","serviceName":"auth-service"}
{"level":"error","message":"Cannot read properties of undefined (reading 'id')","serviceName":"auth-service"}
{"level":"info","message":"user created succussfully","serviceName":"auth-service"}
{"level":"error","message":"Cannot read properties of undefined (reading 'id')","serviceName":"auth-service"}
{"level":"info","message":"user created succussfully","serviceName":"auth-service"}
{"level":"error","message":"Cannot read properties of undefined (reading 'id')","serviceName":"auth-service"}
{"level":"info","message":"user created succussfully","serviceName":"auth-service"}
{"level":"error","message":"Cannot read properties of undefined (reading 'id')","serviceName":"auth-service"}
{"level":"info","message":"user created succussfully","serviceName":"auth-service"}
{"level":"error","message":"Cannot read properties of undefined (reading 'id')","serviceName":"auth-service"}
{"level":"error","message":"failed to store data in the database","serviceName":"auth-service"}
{"level":"info","message":"user created succussfully","serviceName":"auth-service"}
{"level":"error","message":"Cannot read properties of undefined (reading 'id')","serviceName":"auth-service"}
{"level":"info","message":"user created succussfully","serviceName":"auth-service"}
{"level":"error","message":"Cannot read properties of undefined (reading 'id')","serviceName":"auth-service"}
{"level":"info","message":"user created succussfully","serviceName":"auth-service"}
{"level":"error","message":"Cannot read properties of undefined (reading 'id')","serviceName":"auth-service"}
{"level":"info","message":"user created succussfully","serviceName":"auth-service"}
{"level":"error","message":"Cannot read properties of undefined (reading 'id')","serviceName":"auth-service"}
{"level":"info","message":"user created succussfully","serviceName":"auth-service"}
{"level":"error","message":"Cannot read properties of undefined (reading 'id')","serviceName":"auth-service"}
{"level":"info","message":"user created succussfully","serviceName":"auth-service"}
{"level":"error","message":"Cannot read properties of undefined (reading 'id')","serviceName":"auth-service"}
{"level":"info","message":"user created succussfully","serviceName":"auth-service"}
{"level":"error","message":"Cannot read properties of undefined (reading 'id')","serviceName":"auth-service"}
{"level":"info","message":"user created succussfully","serviceName":"auth-service"}
{"level":"error","message":"Cannot read properties of undefined (reading 'id')","serviceName":"auth-service"}
{"level":"info","message":"user created succussfully","serviceName":"auth-service"}
{"level":"error","message":"Cannot read properties of undefined (reading 'id')","serviceName":"auth-service"}
{"level":"info","message":"user created succussfully","serviceName":"auth-service"}
{"level":"error","message":"Cannot read properties of undefined (reading 'id')","serviceName":"auth-service"}
{"level":"info","message":"user created succussfully","serviceName":"auth-service"}
{"level":"error","message":"Cannot read properties of undefined (reading 'id')","serviceName":"auth-service"}
{"level":"info","message":"user created succussfully","serviceName":"auth-service"}
{"level":"error","message":"Cannot read properties of undefined (reading 'id')","serviceName":"auth-service"}
{"level":"info","message":"user created succussfully","serviceName":"auth-service"}
{"level":"error","message":"Cannot read properties of undefined (reading 'id')","serviceName":"auth-service"}
{"level":"error","message":"failed to store data in the database","serviceName":"auth-service"}
{"level":"info","message":"user created succussfully","serviceName":"auth-service"}
{"level":"error","message":"Cannot read properties of undefined (reading 'id')","serviceName":"auth-service"}
{"level":"info","message":"user created succussfully","serviceName":"auth-service"}
{"level":"error","message":"Cannot read properties of undefined (reading 'id')","serviceName":"auth-service"}
{"level":"info","message":"user created succussfully","serviceName":"auth-service"}
{"level":"error","message":"Cannot read properties of undefined (reading 'id')","serviceName":"auth-service"}
{"level":"info","message":"user created succussfully","serviceName":"auth-service"}
{"level":"error","message":"Cannot read properties of undefined (reading 'id')","serviceName":"auth-service"}
{"level":"info","message":"user created succussfully","serviceName":"auth-service"}
{"level":"error","message":"Cannot read properties of undefined (reading 'id')","serviceName":"auth-service"}
{"level":"info","message":"user created succussfully","serviceName":"auth-service"}
{"level":"error","message":"Cannot read properties of undefined (reading 'id')","serviceName":"auth-service"}
{"level":"error","message":"failed to store data in the database","serviceName":"auth-service"}
{"level":"info","message":"user created succussfully","serviceName":"auth-service"}
{"level":"error","message":"Cannot read properties of undefined (reading 'id')","serviceName":"auth-service"}
{"level":"info","message":"user created succussfully","serviceName":"auth-service"}
{"level":"error","message":"Cannot read properties of undefined (reading 'id')","serviceName":"auth-service"}
{"level":"info","message":"user created succussfully","serviceName":"auth-service"}
{"level":"error","message":"Cannot read properties of undefined (reading 'id')","serviceName":"auth-service"}
{"level":"info","message":"user created succussfully","serviceName":"auth-service"}
{"level":"error","message":"Cannot read properties of undefined (reading 'id')","serviceName":"auth-service"}
{"level":"info","message":"user created succussfully","serviceName":"auth-service"}
{"level":"error","message":"Cannot read properties of undefined (reading 'id')","serviceName":"auth-service"}
{"level":"info","message":"user created succussfully","serviceName":"auth-service"}
{"level":"error","message":"Cannot read properties of undefined (reading 'id')","serviceName":"auth-service"}
{"level":"error","message":"failed to store data in the database","serviceName":"auth-service"}
{"level":"info","message":"user created succussfully","serviceName":"auth-service"}
{"level":"error","message":"Cannot read properties of undefined (reading 'id')","serviceName":"auth-service"}
{"level":"info","message":"user created succussfully","serviceName":"auth-service"}
{"level":"error","message":"Cannot read properties of undefined (reading 'id')","serviceName":"auth-service"}
{"level":"info","message":"user created succussfully","serviceName":"auth-service"}
{"level":"error","message":"Cannot read properties of undefined (reading 'id')","serviceName":"auth-service"}
{"level":"info","message":"user created succussfully","serviceName":"auth-service"}
{"level":"error","message":"Cannot read properties of undefined (reading 'id')","serviceName":"auth-service"}
{"level":"info","message":"user created succussfully","serviceName":"auth-service"}
{"level":"error","message":"Cannot read properties of undefined (reading 'id')","serviceName":"auth-service"}
{"level":"info","message":"user created succussfully","serviceName":"auth-service"}
{"level":"error","message":"Cannot read properties of undefined (reading 'id')","serviceName":"auth-service"}
{"level":"error","message":"failed to store data in the database","serviceName":"auth-service"}
{"level":"info","message":"user created succussfully","serviceName":"auth-service"}
{"level":"info","message":"user created succussfully","serviceName":"auth-service"}
{"level":"info","message":"user created succussfully","serviceName":"auth-service"}
{"level":"info","message":"user created succussfully","serviceName":"auth-service"}
{"level":"info","message":"user created succussfully","serviceName":"auth-service"}
{"level":"info","message":"user created succussfully","serviceName":"auth-service"}
{"level":"error","message":"failed to store data in the database","serviceName":"auth-service"}
{"level":"info","message":"user created succussfully","serviceName":"auth-service"}
{"level":"info","message":"user created succussfully","serviceName":"auth-service"}
{"level":"info","message":"user created succussfully","serviceName":"auth-service"}
{"level":"info","message":"user created succussfully","serviceName":"auth-service"}
{"level":"info","message":"user created succussfully","serviceName":"auth-service"}
{"level":"info","message":"user created succussfully","serviceName":"auth-service"}
{"level":"error","message":"email already exists","serviceName":"auth-service"}
{"level":"info","message":"user created succussfully","serviceName":"auth-service"}
{"level":"info","message":"user created succussfully","serviceName":"auth-service"}
{"level":"info","message":"user created succussfully","serviceName":"auth-service"}
{"level":"info","message":"user created succussfully","serviceName":"auth-service"}
{"level":"info","message":"user created succussfully","serviceName":"auth-service"}
{"level":"info","message":"user created succussfully","serviceName":"auth-service"}
{"level":"error","message":"Cannot access 'err' before initialization","serviceName":"auth-service"}
{"level":"info","message":"user created succussfully","serviceName":"auth-service"}
{"level":"info","message":"user created succussfully","serviceName":"auth-service"}
{"level":"info","message":"user created succussfully","serviceName":"auth-service"}
{"level":"info","message":"user created succussfully","serviceName":"auth-service"}
{"level":"info","message":"user created succussfully","serviceName":"auth-service"}
{"level":"info","message":"user created succussfully","serviceName":"auth-service"}
{"level":"error","message":"failed to store data in the database","serviceName":"auth-service"}
{"level":"info","message":"user created succussfully","serviceName":"auth-service"}
{"level":"info","message":"user created succussfully","serviceName":"auth-service"}
{"level":"info","message":"user created succussfully","serviceName":"auth-service"}
{"level":"info","message":"user created succussfully","serviceName":"auth-service"}
{"level":"info","message":"user created succussfully","serviceName":"auth-service"}
{"level":"info","message":"user created succussfully","serviceName":"auth-service"}
{"level":"error","message":"failed to store data in the database","serviceName":"auth-service"}
{"level":"info","message":"user created succussfully","serviceName":"auth-service"}
{"level":"info","message":"user created succussfully","serviceName":"auth-service"}
{"level":"info","message":"user created succussfully","serviceName":"auth-service"}
{"level":"info","message":"user created succussfully","serviceName":"auth-service"}
{"level":"info","message":"user created succussfully","serviceName":"auth-service"}
{"level":"info","message":"user created succussfully","serviceName":"auth-service"}
{"level":"info","message":"user created succussfully","serviceName":"auth-service"}
{"level":"error","message":"Cannot read properties of undefined (reading 'id')","serviceName":"auth-service"}
{"level":"info","message":"user created succussfully","serviceName":"auth-service"}
{"level":"info","message":"user created succussfully","serviceName":"auth-service"}
{"level":"info","message":"user created succussfully","serviceName":"auth-service"}
{"level":"info","message":"user created succussfully","serviceName":"auth-service"}
{"level":"info","message":"user created succussfully","serviceName":"auth-service"}
{"level":"info","message":"user created succussfully","serviceName":"auth-service"}
{"level":"error","message":"failed to store data in the database","serviceName":"auth-service"}
{"level":"info","message":"user created succussfully","serviceName":"auth-service"}
{"level":"info","message":"user created succussfully","serviceName":"auth-service"}
{"level":"info","message":"user created succussfully","serviceName":"auth-service"}
{"level":"info","message":"user created succussfully","serviceName":"auth-service"}
{"level":"info","message":"user created succussfully","serviceName":"auth-service"}
{"level":"info","message":"user created succussfully","serviceName":"auth-service"}
{"level":"info","message":"user created succussfully","serviceName":"auth-service"}
{"level":"error","message":"Cannot read properties of undefined (reading 'id')","serviceName":"auth-service"}
{"level":"info","message":"user created succussfully","serviceName":"auth-service"}
{"level":"info","message":"user created succussfully","serviceName":"auth-service"}
{"level":"info","message":"user created succussfully","serviceName":"auth-service"}
{"level":"info","message":"user created succussfully","serviceName":"auth-service"}
{"level":"info","message":"user created succussfully","serviceName":"auth-service"}
{"level":"info","message":"user created succussfully","serviceName":"auth-service"}
{"level":"error","message":"failed to store data in the database","serviceName":"auth-service"}
{"level":"info","message":"user created succussfully","serviceName":"auth-service"}
{"level":"info","message":"user created succussfully","serviceName":"auth-service"}
{"level":"info","message":"user created succussfully","serviceName":"auth-service"}
{"level":"info","message":"user created succussfully","serviceName":"auth-service"}
{"level":"info","message":"user created succussfully","serviceName":"auth-service"}
{"level":"info","message":"user created succussfully","serviceName":"auth-service"}
{"level":"error","message":"email already exists","serviceName":"auth-service"}
{"level":"info","message":"user created succussfully","serviceName":"auth-service"}
{"level":"info","message":"user created succussfully","serviceName":"auth-service"}
{"level":"info","message":"user created succussfully","serviceName":"auth-service"}
{"level":"info","message":"user created succussfully","serviceName":"auth-service"}
{"level":"info","message":"user created succussfully","serviceName":"auth-service"}
{"level":"info","message":"user created succussfully","serviceName":"auth-service"}
{"level":"error","message":"email already exists","serviceName":"auth-service"}
{"level":"error","message":"email already exists","serviceName":"auth-service"}
{"level":"info","message":"user created succussfully","serviceName":"auth-service"}
{"level":"info","message":"user created succussfully","serviceName":"auth-service"}
{"level":"info","message":"user created succussfully","serviceName":"auth-service"}
{"level":"info","message":"user created succussfully","serviceName":"auth-service"}
{"level":"info","message":"user created succussfully","serviceName":"auth-service"}
{"level":"info","message":"user created succussfully","serviceName":"auth-service"}
{"level":"error","message":"failed to store data in the database","serviceName":"auth-service"}
{"level":"error","message":"failed to store data in the database","serviceName":"auth-service"}
{"level":"info","message":"user created succussfully","serviceName":"auth-service"}
{"level":"info","message":"user created succussfully","serviceName":"auth-service"}
{"level":"info","message":"user created succussfully","serviceName":"auth-service"}
{"level":"info","message":"user created succussfully","serviceName":"auth-service"}
{"level":"info","message":"user created succussfully","serviceName":"auth-service"}
{"level":"info","message":"user created succussfully","serviceName":"auth-service"}
{"level":"error","message":"email already exists","serviceName":"auth-service"}
{"level":"error","message":"email already exists","serviceName":"auth-service"}
{"level":"error","message":"email already exists","serviceName":"auth-service"}
{"level":"info","message":"user created succussfully","serviceName":"auth-service"}
{"level":"info","message":"user created succussfully","serviceName":"auth-service"}
{"level":"info","message":"user created succussfully","serviceName":"auth-service"}
{"level":"info","message":"user created succussfully","serviceName":"auth-service"}
{"level":"info","message":"user created succussfully","serviceName":"auth-service"}
{"level":"info","message":"user created succussfully","serviceName":"auth-service"}
{"level":"error","message":"email already exists","serviceName":"auth-service"}
{"level":"error","message":"email already exists","serviceName":"auth-service"}
{"level":"error","message":"email already exists","serviceName":"auth-service"}
{"level":"info","message":"user created succussfully","serviceName":"auth-service"}
{"level":"info","message":"user created succussfully","serviceName":"auth-service"}
{"level":"info","message":"user created succussfully","serviceName":"auth-service"}
{"level":"info","message":"user created succussfully","serviceName":"auth-service"}
{"level":"info","message":"user created succussfully","serviceName":"auth-service"}
{"level":"info","message":"user created succussfully","serviceName":"auth-service"}
{"level":"error","message":"email already exists","serviceName":"auth-service"}
{"level":"error","message":"email already exists","serviceName":"auth-service"}
{"level":"info","message":"user created succussfully","serviceName":"auth-service"}
{"level":"info","message":"user created succussfully","serviceName":"auth-service"}
{"level":"info","message":"user created succussfully","serviceName":"auth-service"}
{"level":"info","message":"user created succussfully","serviceName":"auth-service"}
{"level":"info","message":"user created succussfully","serviceName":"auth-service"}
{"level":"info","message":"user created succussfully","serviceName":"auth-service"}
{"level":"error","message":"email already exists","serviceName":"auth-service"}
{"level":"error","message":"email already exists","serviceName":"auth-service"}
{"level":"info","message":"user created succussfully","serviceName":"auth-service"}
{"level":"info","message":"user created succussfully","serviceName":"auth-service"}
{"level":"info","message":"user created succussfully","serviceName":"auth-service"}
{"level":"info","message":"user created succussfully","serviceName":"auth-service"}
{"level":"info","message":"user created succussfully","serviceName":"auth-service"}
{"level":"info","message":"user created succussfully","serviceName":"auth-service"}
{"level":"error","message":"email already exists","serviceName":"auth-service"}
{"level":"info","message":"user created succussfully","serviceName":"auth-service"}
{"level":"info","message":"user created succussfully","serviceName":"auth-service"}
{"level":"info","message":"user created succussfully","serviceName":"auth-service"}
{"level":"info","message":"user created succussfully","serviceName":"auth-service"}
{"level":"info","message":"user created succussfully","serviceName":"auth-service"}
{"level":"info","message":"user created succussfully","serviceName":"auth-service"}
{"level":"error","message":"email already exists","serviceName":"auth-service"}
{"level":"info","message":"user created succussfully","serviceName":"auth-service"}
{"level":"info","message":"user created succussfully","serviceName":"auth-service"}
{"level":"info","message":"user created succussfully","serviceName":"auth-service"}
{"level":"info","message":"user created succussfully","serviceName":"auth-service"}
{"level":"info","message":"user created succussfully","serviceName":"auth-service"}
{"level":"info","message":"user created succussfully","serviceName":"auth-service"}
{"level":"error","message":"email already exists","serviceName":"auth-service"}
{"level":"error","message":"email already exists","serviceName":"auth-service"}
{"level":"info","message":"user created succussfully","serviceName":"auth-service"}
{"level":"info","message":"user created succussfully","serviceName":"auth-service"}
{"level":"info","message":"user created succussfully","serviceName":"auth-service"}
{"level":"info","message":"user created succussfully","serviceName":"auth-service"}
{"level":"info","message":"user created succussfully","serviceName":"auth-service"}
{"level":"info","message":"user created succussfully","serviceName":"auth-service"}
{"level":"error","message":"email already exists","serviceName":"auth-service"}
{"level":"error","message":"email already exists","serviceName":"auth-service"}
{"level":"info","message":"user created succussfully","serviceName":"auth-service"}
{"level":"info","message":"user created succussfully","serviceName":"auth-service"}
{"level":"info","message":"user created succussfully","serviceName":"auth-service"}
{"level":"info","message":"user created succussfully","serviceName":"auth-service"}
{"level":"info","message":"user created succussfully","serviceName":"auth-service"}
{"level":"info","message":"user created succussfully","serviceName":"auth-service"}
{"level":"error","message":"email already exists","serviceName":"auth-service"}
{"level":"error","message":"email already exists","serviceName":"auth-service"}
{"level":"info","message":"user created succussfully","serviceName":"auth-service"}
{"level":"info","message":"user created succussfully","serviceName":"auth-service"}
{"level":"info","message":"user created succussfully","serviceName":"auth-service"}
{"level":"info","message":"user created succussfully","serviceName":"auth-service"}
{"level":"info","message":"user created succussfully","serviceName":"auth-service"}
{"level":"info","message":"user created succussfully","serviceName":"auth-service"}
{"level":"error","message":"email already exists","serviceName":"auth-service"}
{"level":"error","message":"email already exists","serviceName":"auth-service"}
{"level":"info","message":"user created succussfully","serviceName":"auth-service"}
{"level":"info","message":"user created succussfully","serviceName":"auth-service"}
{"level":"info","message":"user created succussfully","serviceName":"auth-service"}
{"level":"info","message":"user created succussfully","serviceName":"auth-service"}
{"level":"info","message":"user created succussfully","serviceName":"auth-service"}
{"level":"info","message":"user created succussfully","serviceName":"auth-service"}
{"level":"error","message":"email already exists","serviceName":"auth-service"}
{"level":"error","message":"email already exists","serviceName":"auth-service"}
{"level":"info","message":"user created succussfully","serviceName":"auth-service"}
{"level":"info","message":"user created succussfully","serviceName":"auth-service"}
{"level":"info","message":"user created succussfully","serviceName":"auth-service"}
{"level":"info","message":"user created succussfully","serviceName":"auth-service"}
{"level":"info","message":"user created succussfully","serviceName":"auth-service"}
{"level":"info","message":"user created succussfully","serviceName":"auth-service"}
{"level":"error","message":"email already exists","serviceName":"auth-service"}
{"level":"error","message":"email already exists","serviceName":"auth-service"}
{"level":"info","message":"user created succussfully","serviceName":"auth-service"}
{"level":"info","message":"user created succussfully","serviceName":"auth-service"}
{"level":"info","message":"user created succussfully","serviceName":"auth-service"}
{"level":"info","message":"user created succussfully","serviceName":"auth-service"}
{"level":"info","message":"user created succussfully","serviceName":"auth-service"}
{"level":"info","message":"user created succussfully","serviceName":"auth-service"}
{"level":"error","message":"email already exists","serviceName":"auth-service"}
{"level":"error","message":"email already exists","serviceName":"auth-service"}
{"level":"info","message":"user created succussfully","serviceName":"auth-service"}
{"level":"info","message":"user created succussfully","serviceName":"auth-service"}
{"level":"info","message":"user created succussfully","serviceName":"auth-service"}
{"level":"info","message":"user created succussfully","serviceName":"auth-service"}
{"level":"info","message":"user created succussfully","serviceName":"auth-service"}
{"level":"info","message":"user created succussfully","serviceName":"auth-service"}
{"level":"error","message":"email already exists","serviceName":"auth-service"}
{"level":"error","message":"email already exists","serviceName":"auth-service"}
{"level":"info","message":"user created succussfully","serviceName":"auth-service"}
{"level":"info","message":"user created succussfully","serviceName":"auth-service"}
{"level":"info","message":"user created succussfully","serviceName":"auth-service"}
{"level":"info","message":"user created succussfully","serviceName":"auth-service"}
{"level":"info","message":"user created succussfully","serviceName":"auth-service"}
{"level":"info","message":"user created succussfully","serviceName":"auth-service"}
{"level":"error","message":"email already exists","serviceName":"auth-service"}
{"level":"error","message":"email already exists","serviceName":"auth-service"}
{"level":"info","message":"user created succussfully","serviceName":"auth-service"}
{"level":"info","message":"user created succussfully","serviceName":"auth-service"}
{"level":"info","message":"user created succussfully","serviceName":"auth-service"}
{"level":"info","message":"user created succussfully","serviceName":"auth-service"}
{"level":"error","message":"email already exists","serviceName":"auth-service"}
{"level":"error","message":"email already exists","serviceName":"auth-service"}
{"level":"info","message":"user created succussfully","serviceName":"auth-service"}
{"level":"info","message":"user created succussfully","serviceName":"auth-service"}
{"level":"info","message":"user created succussfully","serviceName":"auth-service"}
{"level":"info","message":"user created succussfully","serviceName":"auth-service"}
{"level":"error","message":"email already exists","serviceName":"auth-service"}
{"level":"error","message":"email already exists","serviceName":"auth-service"}
{"level":"info","message":"user created succussfully","serviceName":"auth-service"}
{"level":"info","message":"user created succussfully","serviceName":"auth-service"}
{"level":"info","message":"user created succussfully","serviceName":"auth-service"}
{"level":"info","message":"user created succussfully","serviceName":"auth-service"}
{"level":"error","message":"email already exists","serviceName":"auth-service"}
{"level":"error","message":"email already exists","serviceName":"auth-service"}
{"level":"info","message":"user created succussfully","serviceName":"auth-service"}
{"level":"info","message":"user created succussfully","serviceName":"auth-service"}
{"level":"info","message":"user created succussfully","serviceName":"auth-service"}
{"level":"info","message":"user created succussfully","serviceName":"auth-service"}
{"level":"info","message":"user created succussfully","serviceName":"auth-service"}
{"level":"error","message":"email already exists","serviceName":"auth-service"}
{"level":"error","message":"email already exists","serviceName":"auth-service"}
{"level":"info","message":"user created succussfully","serviceName":"auth-service"}
{"level":"info","message":"user created succussfully","serviceName":"auth-service"}
{"level":"info","message":"user created succussfully","serviceName":"auth-service"}
{"level":"info","message":"user created succussfully","serviceName":"auth-service"}
{"level":"info","message":"user created succussfully","serviceName":"auth-service"}
{"level":"info","message":"user created succussfully","serviceName":"auth-service"}
{"level":"error","message":"email already exists","serviceName":"auth-service"}
{"level":"error","message":"email already exists","serviceName":"auth-service"}
