{"level":"error","message":"Cannot destructure property 'firstName' of 'req.body' as it is undefined.","serviceName":"auth-service"}
{"level":"error","message":"Cannot destructure property 'firstName' of 'req.body' as it is undefined.","serviceName":"auth-service"}
{"level":"error","message":"email already exists","serviceName":"auth-service"}
{"level":"error","message":"email already exists","serviceName":"auth-service"}
{"level":"error","message":"email or password does not match","serviceName":"auth-service","timestamp":"2026-03-02 13:14:15"}
{"level":"error","message":"email already exists","serviceName":"auth-service","timestamp":"2026-03-02 13:14:15"}
{"level":"error","message":"email already exists","serviceName":"auth-service","timestamp":"2026-03-02 13:14:15"}
{"level":"error","message":"email already exists","serviceName":"auth-service","timestamp":"2026-03-02 13:15:47"}
{"level":"error","message":"email already exists","serviceName":"auth-service","timestamp":"2026-03-02 13:15:47"}
{"level":"error","message":"email already exists","serviceName":"auth-service","timestamp":"2026-03-02 13:29:33"}
{"level":"error","message":"email already exists","serviceName":"auth-service","timestamp":"2026-03-02 13:29:33"}
{"level":"error","message":"email already exists","serviceName":"auth-service","timestamp":"2026-03-02 13:30:06"}
{"level":"error","message":"email already exists","serviceName":"auth-service","timestamp":"2026-03-02 13:30:06"}
{"level":"error","message":"email already exists","serviceName":"auth-service","timestamp":"2026-03-02 13:31:37"}
{"level":"error","message":"email already exists","serviceName":"auth-service","timestamp":"2026-03-02 13:31:37"}
{"level":"error","message":"email already exists","serviceName":"auth-service","timestamp":"2026-03-02 13:33:52"}
{"level":"error","message":"email already exists","serviceName":"auth-service","timestamp":"2026-03-02 13:33:52"}
{"level":"error","message":"email already exists","serviceName":"auth-service","timestamp":"2026-03-02 13:42:54"}
{"level":"error","message":"email already exists","serviceName":"auth-service","timestamp":"2026-03-02 13:42:54"}
{"level":"error","message":"email already exists","serviceName":"auth-service","timestamp":"2026-03-03 21:23:52"}
{"level":"error","message":"email already exists","serviceName":"auth-service","timestamp":"2026-03-03 21:23:52"}
{"level":"error","message":"email already exists","serviceName":"auth-service","timestamp":"2026-03-03 21:27:55"}
{"level":"error","message":"email already exists","serviceName":"auth-service","timestamp":"2026-03-03 21:27:55"}
{"level":"error","message":"email already exists","serviceName":"auth-service","timestamp":"2026-03-03 21:29:29"}
{"level":"error","message":"email already exists","serviceName":"auth-service","timestamp":"2026-03-03 21:29:29"}
{"level":"error","message":"email already exists","serviceName":"auth-service","timestamp":"2026-03-03 21:30:04"}
{"level":"error","message":"email already exists","serviceName":"auth-service","timestamp":"2026-03-03 21:30:04"}
{"level":"error","message":"Cannot destructure property 'email' of 'req.body' as it is undefined.","serviceName":"auth-service","timestamp":"2026-03-03 21:31:19"}
{"level":"error","message":"Cannot destructure property 'email' of 'req.body' as it is undefined.","serviceName":"auth-service","timestamp":"2026-03-03 21:31:19"}
{"level":"error","message":"email already exists","serviceName":"auth-service","timestamp":"2026-03-03 21:31:20"}
{"level":"error","message":"email already exists","serviceName":"auth-service","timestamp":"2026-03-03 21:31:20"}
{"level":"error","message":"email already exists","serviceName":"auth-service","timestamp":"2026-03-03 21:36:16"}
{"level":"error","message":"email already exists","serviceName":"auth-service","timestamp":"2026-03-03 21:36:16"}
{"level":"error","message":"email or password does not match","serviceName":"auth-service","timestamp":"2026-03-03 21:38:47"}
{"level":"error","message":"email already exists","serviceName":"auth-service","timestamp":"2026-03-03 21:38:48"}
{"level":"error","message":"email already exists","serviceName":"auth-service","timestamp":"2026-03-03 21:38:48"}
{"level":"error","message":"email or password does not match","serviceName":"auth-service","timestamp":"2026-03-03 21:39:23"}
{"level":"error","message":"email already exists","serviceName":"auth-service","timestamp":"2026-03-03 21:39:24"}
{"level":"error","message":"email already exists","serviceName":"auth-service","timestamp":"2026-03-03 21:39:24"}
{"level":"error","message":"email or password does not match","serviceName":"auth-service","timestamp":"2026-03-03 21:40:16"}
{"level":"error","message":"email already exists","serviceName":"auth-service","timestamp":"2026-03-03 21:40:17"}
{"level":"error","message":"email already exists","serviceName":"auth-service","timestamp":"2026-03-03 21:40:17"}
{"level":"error","message":"email or password does not match","serviceName":"auth-service","timestamp":"2026-03-03 21:43:58"}
{"level":"error","message":"email already exists","serviceName":"auth-service","timestamp":"2026-03-03 21:44:00"}
{"level":"error","message":"email already exists","serviceName":"auth-service","timestamp":"2026-03-03 21:44:00"}
{"level":"error","message":"email or password does not match","serviceName":"auth-service","timestamp":"2026-03-03 21:45:08"}
{"level":"error","message":"email already exists","serviceName":"auth-service","timestamp":"2026-03-03 21:45:09"}
{"level":"error","message":"email already exists","serviceName":"auth-service","timestamp":"2026-03-03 21:45:09"}
{"level":"error","message":"email or password does not match","serviceName":"auth-service","timestamp":"2026-03-03 21:45:54"}
{"level":"error","message":"email already exists","serviceName":"auth-service","timestamp":"2026-03-03 21:45:55"}
{"level":"error","message":"email already exists","serviceName":"auth-service","timestamp":"2026-03-03 21:45:55"}
{"level":"error","message":"email or password does not match","serviceName":"auth-service","timestamp":"2026-03-03 21:48:10"}
{"level":"error","message":"email already exists","serviceName":"auth-service","timestamp":"2026-03-03 21:48:11"}
{"level":"error","message":"email already exists","serviceName":"auth-service","timestamp":"2026-03-03 21:48:11"}
{"level":"error","message":"email or password does not match","serviceName":"auth-service","timestamp":"2026-03-03 21:49:16"}
{"level":"error","message":"email already exists","serviceName":"auth-service","timestamp":"2026-03-03 21:49:18"}
{"level":"error","message":"email already exists","serviceName":"auth-service","timestamp":"2026-03-03 21:49:18"}
{"level":"error","message":"email already exists","serviceName":"auth-service","timestamp":"2026-03-03 21:52:08"}
{"level":"error","message":"email already exists","serviceName":"auth-service","timestamp":"2026-03-03 21:52:08"}
{"level":"error","message":"email already exists","serviceName":"auth-service","timestamp":"2026-03-03 21:54:34"}
{"level":"error","message":"email already exists","serviceName":"auth-service","timestamp":"2026-03-03 21:54:34"}
{"level":"error","message":"email already exists","serviceName":"auth-service","timestamp":"2026-03-03 21:58:50"}
{"level":"error","message":"email already exists","serviceName":"auth-service","timestamp":"2026-03-03 21:58:50"}
{"level":"error","message":"email already exists","serviceName":"auth-service","timestamp":"2026-03-03 22:01:13"}
{"level":"error","message":"email already exists","serviceName":"auth-service","timestamp":"2026-03-03 22:01:13"}
{"level":"error","message":"email or password does not match","serviceName":"auth-service","timestamp":"2026-03-03 22:01:35"}
{"level":"error","message":"email already exists","serviceName":"auth-service","timestamp":"2026-03-03 22:01:37"}
{"level":"error","message":"email already exists","serviceName":"auth-service","timestamp":"2026-03-03 22:01:37"}
{"level":"error","message":"email or password does not match","serviceName":"auth-service","timestamp":"2026-03-03 22:03:29"}
{"level":"error","message":"email already exists","serviceName":"auth-service","timestamp":"2026-03-03 22:03:31"}
{"level":"error","message":"email already exists","serviceName":"auth-service","timestamp":"2026-03-03 22:03:31"}
{"level":"error","message":"email already exists","serviceName":"auth-service","timestamp":"2026-03-03 22:06:35"}
{"level":"error","message":"email already exists","serviceName":"auth-service","timestamp":"2026-03-03 22:06:35"}
{"level":"error","message":"email already exists","serviceName":"auth-service","timestamp":"2026-03-04 09:15:56"}
{"level":"error","message":"email already exists","serviceName":"auth-service","timestamp":"2026-03-04 09:15:56"}
{"level":"error","message":"email already exists","serviceName":"auth-service","timestamp":"2026-03-04 09:38:28"}
{"level":"error","message":"email already exists","serviceName":"auth-service","timestamp":"2026-03-04 09:38:28"}
{"level":"error","message":"email already exists","serviceName":"auth-service","timestamp":"2026-03-04 09:40:13"}
{"level":"error","message":"email already exists","serviceName":"auth-service","timestamp":"2026-03-04 09:40:13"}
{"level":"error","message":"email already exists","serviceName":"auth-service","timestamp":"2026-03-04 09:40:49"}
{"level":"error","message":"email already exists","serviceName":"auth-service","timestamp":"2026-03-04 09:40:49"}
{"level":"error","message":"email already exists","serviceName":"auth-service","timestamp":"2026-03-04 09:47:25"}
{"level":"error","message":"email already exists","serviceName":"auth-service","timestamp":"2026-03-04 09:47:25"}
{"level":"error","message":"email already exists","serviceName":"auth-service","timestamp":"2026-03-04 09:58:16"}
{"level":"error","message":"email already exists","serviceName":"auth-service","timestamp":"2026-03-04 09:58:16"}
{"level":"error","message":"email already exists","serviceName":"auth-service","timestamp":"2026-03-04 09:59:39"}
{"level":"error","message":"email already exists","serviceName":"auth-service","timestamp":"2026-03-04 09:59:39"}
{"level":"error","message":"email already exists","serviceName":"auth-service","timestamp":"2026-03-04 10:06:29"}
{"level":"error","message":"email already exists","serviceName":"auth-service","timestamp":"2026-03-04 10:06:29"}
{"level":"error","message":"email already exists","serviceName":"auth-service","timestamp":"2026-03-04 10:08:14"}
{"level":"error","message":"email already exists","serviceName":"auth-service","timestamp":"2026-03-04 10:08:14"}
{"level":"error","message":"email already exists","serviceName":"auth-service","timestamp":"2026-03-04 10:15:27"}
{"level":"error","message":"email already exists","serviceName":"auth-service","timestamp":"2026-03-04 10:15:27"}
{"level":"error","message":"email already exists","serviceName":"auth-service","timestamp":"2026-03-04 10:15:44"}
{"level":"error","message":"email already exists","serviceName":"auth-service","timestamp":"2026-03-04 10:15:44"}
{"level":"error","message":"email already exists","serviceName":"auth-service","timestamp":"2026-03-04 10:18:19"}
{"level":"error","message":"email already exists","serviceName":"auth-service","timestamp":"2026-03-04 10:18:19"}
{"level":"error","message":"email already exists","serviceName":"auth-service","timestamp":"2026-03-04 10:25:17"}
{"level":"error","message":"email already exists","serviceName":"auth-service","timestamp":"2026-03-04 10:25:17"}
{"level":"error","message":"email already exists","serviceName":"auth-service","timestamp":"2026-03-04 10:25:48"}
{"level":"error","message":"email already exists","serviceName":"auth-service","timestamp":"2026-03-04 10:25:48"}
{"level":"error","message":"email already exists","serviceName":"auth-service","timestamp":"2026-03-04 10:26:35"}
{"level":"error","message":"email already exists","serviceName":"auth-service","timestamp":"2026-03-04 10:26:35"}
{"level":"error","message":"email already exists","serviceName":"auth-service","timestamp":"2026-03-04 10:34:45"}
{"level":"error","message":"email already exists","serviceName":"auth-service","timestamp":"2026-03-04 10:34:45"}
{"level":"error","message":"email already exists","serviceName":"auth-service","timestamp":"2026-03-04 10:48:01"}
{"level":"error","message":"email already exists","serviceName":"auth-service","timestamp":"2026-03-04 10:48:01"}
{"level":"error","message":"email already exists","serviceName":"auth-service","timestamp":"2026-03-04 10:49:00"}
{"level":"error","message":"email already exists","serviceName":"auth-service","timestamp":"2026-03-04 10:49:00"}
{"level":"error","message":"email already exists","serviceName":"auth-service","timestamp":"2026-03-04 11:07:26"}
{"level":"error","message":"email already exists","serviceName":"auth-service","timestamp":"2026-03-04 11:07:26"}
{"level":"error","message":"email already exists","serviceName":"auth-service","timestamp":"2026-03-04 12:28:21"}
{"level":"error","message":"email already exists","serviceName":"auth-service","timestamp":"2026-03-04 12:28:21"}
{"level":"error","message":"email already exists","serviceName":"auth-service","timestamp":"2026-03-04 12:30:49"}
{"level":"error","message":"email already exists","serviceName":"auth-service","timestamp":"2026-03-04 12:30:49"}
{"level":"error","message":"email already exists","serviceName":"auth-service","timestamp":"2026-03-04 12:34:36"}
{"level":"error","message":"email already exists","serviceName":"auth-service","timestamp":"2026-03-04 12:34:36"}
{"level":"error","message":"email already exists","serviceName":"auth-service","timestamp":"2026-03-04 12:36:32"}
{"level":"error","message":"email already exists","serviceName":"auth-service","timestamp":"2026-03-04 12:36:32"}
{"level":"error","message":"email already exists","serviceName":"auth-service","timestamp":"2026-03-04 12:36:46"}
{"level":"error","message":"email already exists","serviceName":"auth-service","timestamp":"2026-03-04 12:36:46"}
{"level":"error","message":"email already exists","serviceName":"auth-service","timestamp":"2026-03-04 12:39:00"}
{"level":"error","message":"email already exists","serviceName":"auth-service","timestamp":"2026-03-04 12:39:00"}
{"level":"error","message":"email already exists","serviceName":"auth-service","timestamp":"2026-03-04 12:39:12"}
{"level":"error","message":"email already exists","serviceName":"auth-service","timestamp":"2026-03-04 12:39:12"}
{"level":"error","message":"email already exists","serviceName":"auth-service","timestamp":"2026-03-04 12:40:40"}
{"level":"error","message":"email already exists","serviceName":"auth-service","timestamp":"2026-03-04 12:40:41"}
{"level":"error","message":"email already exists","serviceName":"auth-service","timestamp":"2026-03-04 12:41:08"}
{"level":"error","message":"email already exists","serviceName":"auth-service","timestamp":"2026-03-04 12:41:08"}
{"level":"error","message":"email already exists","serviceName":"auth-service","timestamp":"2026-03-04 12:41:46"}
{"level":"error","message":"email already exists","serviceName":"auth-service","timestamp":"2026-03-04 12:41:46"}
{"level":"error","message":"email already exists","serviceName":"auth-service","timestamp":"2026-03-04 12:46:46"}
{"level":"error","message":"email already exists","serviceName":"auth-service","timestamp":"2026-03-04 12:46:46"}
{"level":"error","message":"email already exists","serviceName":"auth-service","timestamp":"2026-03-04 12:47:43"}
{"level":"error","message":"email already exists","serviceName":"auth-service","timestamp":"2026-03-04 12:47:43"}
{"level":"error","message":"email already exists","serviceName":"auth-service","timestamp":"2026-03-04 12:48:21"}
{"level":"error","message":"email already exists","serviceName":"auth-service","timestamp":"2026-03-04 12:48:21"}
{"level":"error","message":"email already exists","serviceName":"auth-service","timestamp":"2026-03-04 12:50:29"}
{"level":"error","message":"email already exists","serviceName":"auth-service","timestamp":"2026-03-04 12:50:29"}
{"level":"error","message":"email already exists","serviceName":"auth-service","timestamp":"2026-03-04 12:53:33"}
{"level":"error","message":"email already exists","serviceName":"auth-service","timestamp":"2026-03-04 12:53:33"}
{"level":"error","message":"email already exists","serviceName":"auth-service","timestamp":"2026-03-04 12:54:33"}
{"level":"error","message":"email already exists","serviceName":"auth-service","timestamp":"2026-03-04 12:54:33"}
{"level":"error","message":"email already exists","serviceName":"auth-service","timestamp":"2026-03-04 12:58:47"}
{"level":"error","message":"email already exists","serviceName":"auth-service","timestamp":"2026-03-04 12:58:47"}
{"level":"error","message":"access token is missing","serviceName":"auth-service","timestamp":"2026-03-04 12:58:49"}
{"level":"error","message":"email already exists","serviceName":"auth-service","timestamp":"2026-03-04 13:10:34"}
{"level":"error","message":"email already exists","serviceName":"auth-service","timestamp":"2026-03-04 13:10:34"}
{"level":"error","message":"email already exists","serviceName":"auth-service","timestamp":"2026-03-04 13:11:12"}
{"level":"error","message":"email already exists","serviceName":"auth-service","timestamp":"2026-03-04 13:11:12"}
{"level":"error","message":"email already exists","serviceName":"auth-service","timestamp":"2026-03-04 13:14:38"}
{"level":"error","message":"email already exists","serviceName":"auth-service","timestamp":"2026-03-04 13:14:38"}
{"level":"error","message":"email already exists","serviceName":"auth-service","timestamp":"2026-03-04 13:15:03"}
{"level":"error","message":"email already exists","serviceName":"auth-service","timestamp":"2026-03-04 13:15:03"}
{"level":"error","message":"email already exists","serviceName":"auth-service","timestamp":"2026-03-04 13:22:38"}
{"level":"error","message":"email already exists","serviceName":"auth-service","timestamp":"2026-03-04 13:22:38"}
{"level":"error","message":"email already exists","serviceName":"auth-service","timestamp":"2026-03-04 13:23:44"}
{"level":"error","message":"email already exists","serviceName":"auth-service","timestamp":"2026-03-04 13:23:44"}
{"level":"error","message":"email already exists","serviceName":"auth-service","timestamp":"2026-03-04 13:24:08"}
{"level":"error","message":"email already exists","serviceName":"auth-service","timestamp":"2026-03-04 13:24:08"}
{"level":"error","message":"email already exists","serviceName":"auth-service","timestamp":"2026-03-06 22:30:11"}
{"level":"error","message":"email already exists","serviceName":"auth-service","timestamp":"2026-03-06 22:30:11"}
{"level":"error","message":"email already exists","serviceName":"auth-service","timestamp":"2026-03-06 22:33:24"}
{"level":"error","message":"email already exists","serviceName":"auth-service","timestamp":"2026-03-06 22:33:24"}
{"level":"error","message":"email already exists","serviceName":"auth-service","timestamp":"2026-03-06 22:35:21"}
{"level":"error","message":"email already exists","serviceName":"auth-service","timestamp":"2026-03-06 22:35:21"}
{"level":"error","message":"email already exists","serviceName":"auth-service","timestamp":"2026-03-06 22:39:54"}
{"level":"error","message":"email already exists","serviceName":"auth-service","timestamp":"2026-03-06 22:39:54"}
{"level":"error","message":"email already exists","serviceName":"auth-service","timestamp":"2026-03-06 22:46:13"}
{"level":"error","message":"email already exists","serviceName":"auth-service","timestamp":"2026-03-06 22:46:13"}
{"level":"error","message":"email already exists","serviceName":"auth-service","timestamp":"2026-03-06 22:47:31"}
{"level":"error","message":"email already exists","serviceName":"auth-service","timestamp":"2026-03-06 22:47:31"}
{"level":"error","message":"email already exists","serviceName":"auth-service","timestamp":"2026-03-06 22:49:25"}
{"level":"error","message":"email already exists","serviceName":"auth-service","timestamp":"2026-03-06 22:49:25"}
{"level":"error","message":"email already exists","serviceName":"auth-service","timestamp":"2026-03-06 22:51:39"}
{"level":"error","message":"email already exists","serviceName":"auth-service","timestamp":"2026-03-06 22:51:39"}
{"level":"error","message":"email already exists","serviceName":"auth-service","timestamp":"2026-03-09 09:13:19"}
{"level":"error","message":"email already exists","serviceName":"auth-service","timestamp":"2026-03-09 09:13:19"}
{"level":"error","message":"relation \"RefreshTokens\" does not exist","serviceName":"auth-service","timestamp":"2026-03-09 09:13:22"}
{"level":"error","message":"Cannot read properties of null (reading 'id')","serviceName":"auth-service","timestamp":"2026-03-09 09:13:22"}
{"level":"error","message":"email already exists","serviceName":"auth-service","timestamp":"2026-03-09 09:13:22"}
{"level":"error","message":"email already exists","serviceName":"auth-service","timestamp":"2026-03-09 09:13:22"}
{"level":"error","message":"email or password does not match","serviceName":"auth-service","timestamp":"2026-03-09 09:13:22"}
{"level":"error","message":"Cannot read properties of null (reading 'id')","serviceName":"auth-service","timestamp":"2026-03-09 09:13:24"}
{"level":"error","message":"email or password does not match","serviceName":"auth-service","timestamp":"2026-03-09 09:13:25"}
{"level":"error","message":"email already exists","serviceName":"auth-service","timestamp":"2026-03-09 09:25:22"}
{"level":"error","message":"email already exists","serviceName":"auth-service","timestamp":"2026-03-09 09:25:22"}
{"level":"error","message":"email already exists","serviceName":"auth-service","timestamp":"2026-03-09 09:28:40"}
{"level":"error","message":"email already exists","serviceName":"auth-service","timestamp":"2026-03-09 09:28:40"}
{"level":"error","message":"email already exists","serviceName":"auth-service","timestamp":"2026-03-09 09:45:58"}
{"level":"error","message":"email already exists","serviceName":"auth-service","timestamp":"2026-03-09 09:45:58"}
{"level":"error","message":"Cannot read properties of null (reading 'id')","serviceName":"auth-service","timestamp":"2026-03-09 09:54:51"}
{"level":"error","message":"email already exists","serviceName":"auth-service","timestamp":"2026-03-09 09:54:52"}
{"level":"error","message":"email already exists","serviceName":"auth-service","timestamp":"2026-03-09 09:54:52"}
{"level":"error","message":"data and hash arguments required","serviceName":"auth-service","timestamp":"2026-03-09 09:54:53"}
{"level":"error","message":"Cannot read properties of null (reading 'id')","serviceName":"auth-service","timestamp":"2026-03-09 09:59:24"}
{"level":"error","message":"email already exists","serviceName":"auth-service","timestamp":"2026-03-09 09:59:25"}
{"level":"error","message":"email already exists","serviceName":"auth-service","timestamp":"2026-03-09 09:59:25"}
{"level":"error","message":"data and hash arguments required","serviceName":"auth-service","timestamp":"2026-03-09 09:59:26"}
{"level":"error","message":"Cannot read properties of null (reading 'id')","serviceName":"auth-service","timestamp":"2026-03-09 10:02:02"}
{"level":"error","message":"data and hash arguments required","serviceName":"auth-service","timestamp":"2026-03-09 10:02:02"}
{"level":"error","message":"email already exists","serviceName":"auth-service","timestamp":"2026-03-09 10:02:04"}
{"level":"error","message":"email already exists","serviceName":"auth-service","timestamp":"2026-03-09 10:02:04"}
{"level":"error","message":"Cannot read properties of null (reading 'id')","serviceName":"auth-service","timestamp":"2026-03-09 10:12:31"}
{"level":"error","message":"data and hash arguments required","serviceName":"auth-service","timestamp":"2026-03-09 10:12:32"}
{"level":"error","message":"email already exists","serviceName":"auth-service","timestamp":"2026-03-09 10:12:33"}
{"level":"error","message":"email already exists","serviceName":"auth-service","timestamp":"2026-03-09 10:12:33"}
{"level":"error","message":"Cannot read properties of null (reading 'id')","serviceName":"auth-service","timestamp":"2026-03-09 10:21:35"}
{"level":"error","message":"email already exists","serviceName":"auth-service","timestamp":"2026-03-09 10:21:37"}
{"level":"error","message":"email already exists","serviceName":"auth-service","timestamp":"2026-03-09 10:21:37"}
{"level":"error","message":"email already exists","serviceName":"auth-service","timestamp":"2026-03-09 17:11:36"}
{"level":"error","message":"email already exists","serviceName":"auth-service","timestamp":"2026-03-09 17:11:36"}
{"level":"error","message":"Cannot read properties of null (reading 'id')","serviceName":"auth-service","timestamp":"2026-03-09 17:11:39"}
{"level":"error","message":"Cannot read properties of null (reading 'id')","serviceName":"auth-service","timestamp":"2026-03-09 17:13:58"}
{"level":"error","message":"email already exists","serviceName":"auth-service","timestamp":"2026-03-09 17:14:00"}
{"level":"error","message":"email already exists","serviceName":"auth-service","timestamp":"2026-03-09 17:14:00"}
{"level":"error","message":"","serviceName":"auth-service","timestamp":"2026-03-09 17:16:00"}
{"level":"error","message":"","serviceName":"auth-service","timestamp":"2026-03-09 17:16:00"}
{"level":"error","message":"","serviceName":"auth-service","timestamp":"2026-03-09 17:16:00"}
{"level":"error","message":"email already exists","serviceName":"auth-service","timestamp":"2026-03-09 17:16:01"}
{"level":"error","message":"email already exists","serviceName":"auth-service","timestamp":"2026-03-09 17:16:01"}
{"level":"error","message":"Cannot read properties of null (reading 'id')","serviceName":"auth-service","timestamp":"2026-03-09 17:17:43"}
{"level":"error","message":"email already exists","serviceName":"auth-service","timestamp":"2026-03-09 17:17:44"}
{"level":"error","message":"email already exists","serviceName":"auth-service","timestamp":"2026-03-09 17:17:44"}
{"level":"error","message":"Cannot read properties of null (reading 'id')","serviceName":"auth-service","timestamp":"2026-03-09 17:18:24"}
{"level":"error","message":"email already exists","serviceName":"auth-service","timestamp":"2026-03-09 17:18:25"}
{"level":"error","message":"email already exists","serviceName":"auth-service","timestamp":"2026-03-09 17:18:25"}
{"level":"error","message":"Cannot read properties of null (reading 'id')","serviceName":"auth-service","timestamp":"2026-03-09 17:20:18"}
{"level":"error","message":"email already exists","serviceName":"auth-service","timestamp":"2026-03-09 17:20:19"}
{"level":"error","message":"email already exists","serviceName":"auth-service","timestamp":"2026-03-09 17:20:19"}
{"level":"error","message":"Cannot read properties of null (reading 'id')","serviceName":"auth-service","timestamp":"2026-03-09 17:22:35"}
{"level":"error","message":"email already exists","serviceName":"auth-service","timestamp":"2026-03-09 17:22:36"}
{"level":"error","message":"email already exists","serviceName":"auth-service","timestamp":"2026-03-09 17:22:36"}
{"level":"error","message":"email already exists","serviceName":"auth-service","timestamp":"2026-03-09 17:24:10"}
{"level":"error","message":"email already exists","serviceName":"auth-service","timestamp":"2026-03-09 17:24:11"}
{"level":"error","message":"No authorization token was found","serviceName":"auth-service","timestamp":"2026-03-09 19:24:20"}
{"level":"error","message":"invalid input syntax for type integer: \"undefined\"","serviceName":"auth-service","timestamp":"2026-03-09 19:29:17"}
{"level":"error","message":"email or password does not match","serviceName":"auth-service","timestamp":"2026-03-09 19:44:38"}
{"level":"error","message":"email already exists","serviceName":"auth-service","timestamp":"2026-03-09 19:44:50"}
{"level":"error","message":"email or password does not match","serviceName":"auth-service","timestamp":"2026-03-09 19:45:09"}
{"level":"error","message":"data and hash arguments required","serviceName":"auth-service","timestamp":"2026-03-09 19:45:18"}
{"level":"error","message":"jwt malformed","serviceName":"auth-service","timestamp":"2026-03-09 19:51:29"}
{"level":"error","message":"email already exists","serviceName":"auth-service","timestamp":"2026-03-09 19:51:31"}
{"level":"error","message":"email already exists","serviceName":"auth-service","timestamp":"2026-03-09 19:51:31"}
